C:/Users/smcbeth.DLS-INC/Projects/Yarrow/Juniper/src/Juniper.Root/IO/IContentHandler.cs:5: warning: Detected potential recursive class relation between class Juniper::IO::IContentHandler and base class Juniper::IO::IContentHandler< MediaType >!

C:/Users/smcbeth.DLS-INC/Projects/Yarrow/Juniper/src/Juniper.Root/IO/IContentHandler.cs:5: warning: Detected potential recursive class relation between class Juniper::IO::IContentHandler and base class IContentHandler< MediaType >!

C:/Users/smcbeth.DLS-INC/Projects/Yarrow/Juniper/src/Juniper.Root/IO/IContentHandler.cs:5: warning: Detected potential recursive class relation between class Juniper::IO::IContentHandler and base class Juniper::IO::IContentHandler< MediaType >!

C:/Users/smcbeth.DLS-INC/Projects/Yarrow/Juniper/src/Juniper.Root/IO/IContentHandler.cs:5: warning: Detected potential recursive class relation between class Juniper::IO::IContentHandler and base class IContentHandler< MediaType >!

C:/Users/smcbeth.DLS-INC/Projects/Yarrow/Juniper/src/Unity Scripts/MasterSceneController.cs:325: warning: The following parameters of Juniper.MasterSceneController.SwitchToScene(string sceneName, bool fromView) are not documented:
  parameter 'fromView'
C:/Users/smcbeth.DLS-INC/Projects/Yarrow/Juniper/src/Juniper.Root/Collections/NAryTree.cs:182: warning: The following parameters of Juniper.Collections.NAryTree.Accumulate< StateT >(TreeTraversalOrder order, StateT state, Func< StateT, NAryTree< T >, StateT > act) are not documented:
  parameter 'order'
  parameter 'state'
C:/Users/smcbeth.DLS-INC/Projects/Yarrow/Juniper/src/Juniper.Root/Collections/NAryTree.cs:82: warning: The following parameters of Juniper.Collections.NAryTree.Add(T node, Func< T, T, bool > isChildOf) are not documented:
  parameter 'isChildOf'
C:/Users/smcbeth.DLS-INC/Projects/Yarrow/Juniper/src/Juniper.Root/Compression/Zip/Decompressor.cs:56: warning: argument 'fileName' of command @param is not found in the argument list of Juniper.Compression.Zip.Decompressor::CopyFile(this ZipArchive zip, string entryPath, Stream copyTo, IProgress prog=null)
C:/Users/smcbeth.DLS-INC/Projects/Yarrow/Juniper/src/Juniper.Root/Compression/Zip/Decompressor.cs:63: warning: The following parameters of Juniper.Compression.Zip.Decompressor.CopyFile(this ZipArchive zip, string entryPath, Stream copyTo, IProgress prog=null) are not documented:
  parameter 'zip'
C:/Users/smcbeth.DLS-INC/Projects/Yarrow/Juniper/src/Juniper.UnityEditor/ConfigurationManagement/UnityPackage.cs:12: warning: argument 'listingRoot' of command @param is not found in the argument list of Juniper.ConfigurationManagement.UnityPackage::Load(List< AbstractPackage > packages)
C:/Users/smcbeth.DLS-INC/Projects/Yarrow/Juniper/src/Juniper.UnityEditor/ConfigurationManagement/UnityPackage.cs:12: warning: argument 'contentCacheRoot' of command @param is not found in the argument list of Juniper.ConfigurationManagement.UnityPackage::Load(List< AbstractPackage > packages)
C:/Users/smcbeth.DLS-INC/Projects/Yarrow/Juniper/src/Unity Scripts/Haptics/DefaultHaptics.cs:56: warning: The following parameters of Juniper.Haptics.DefaultHaptics.SetVibration(long milliseconds, float amplitude) are not documented:
  parameter 'milliseconds'
C:/Users/smcbeth.DLS-INC/Projects/Yarrow/Juniper/src/Juniper.Client/Imaging/Png/HjgPngcsCodec.cs:43: warning: The following parameters of Juniper.Imaging.HjgPngcsCodec.Serialize(Stream stream, ImageLines value) are not documented:
  parameter 'value'
C:/Users/smcbeth.DLS-INC/Projects/Yarrow/Juniper/src/Juniper.Client/Imaging/Png/HjgPngcsImageDataTranscoder.cs:11: warning: argument 'imageStream' of command @param is not found in the argument list of Juniper.Imaging.HjgPngcsImageDataTranscoder::Translate(ImageLines value, IProgress prog=null)
C:/Users/smcbeth.DLS-INC/Projects/Yarrow/Juniper/src/Juniper.Client/Imaging/Png/HjgPngcsImageDataTranscoder.cs:15: warning: The following parameters of Juniper.Imaging.HjgPngcsImageDataTranscoder.Translate(ImageLines value, IProgress prog=null) are not documented:
  parameter 'value'
  parameter 'prog'
C:/Users/smcbeth.DLS-INC/Projects/Yarrow/Juniper/src/Juniper.Client/Imaging/Png/HjgPngcsImageDataTranscoder.cs:39: warning: argument 'outputStream' of command @param is not found in the argument list of Juniper.Imaging.HjgPngcsImageDataTranscoder::Translate(ImageData image, IProgress prog=null)
C:/Users/smcbeth.DLS-INC/Projects/Yarrow/Juniper/src/Juniper.Client/Imaging/Png/HjgPngcsImageDataTranscoder.cs:43: warning: The following parameters of Juniper.Imaging.HjgPngcsImageDataTranscoder.Translate(ImageData image, IProgress prog=null) are not documented:
  parameter 'image'
  parameter 'prog'
C:/Users/smcbeth.DLS-INC/Projects/Yarrow/Juniper/src/Juniper.Client/Imaging/Jpeg/LibJpegNETCodec.cs:43: warning: The following parameters of Juniper.Imaging.LibJpegNETCodec.Serialize(Stream stream, JpegImage value) are not documented:
  parameter 'value'
C:/Users/smcbeth.DLS-INC/Projects/Yarrow/Juniper/src/Juniper.Client/Imaging/Jpeg/LibJpegNETImageDataTranscoder.cs:11: warning: argument 'imageStream' of command @param is not found in the argument list of Juniper.Imaging.LibJpegNETImageDataTranscoder::Translate(JpegImage value, IProgress prog=null)
C:/Users/smcbeth.DLS-INC/Projects/Yarrow/Juniper/src/Juniper.Client/Imaging/Jpeg/LibJpegNETImageDataTranscoder.cs:15: warning: The following parameters of Juniper.Imaging.LibJpegNETImageDataTranscoder.Translate(JpegImage value, IProgress prog=null) are not documented:
  parameter 'value'
  parameter 'prog'
C:/Users/smcbeth.DLS-INC/Projects/Yarrow/Juniper/src/Juniper.Client/Imaging/Jpeg/LibJpegNETImageDataTranscoder.cs:40: warning: argument 'outputStream' of command @param is not found in the argument list of Juniper.Imaging.LibJpegNETImageDataTranscoder::Translate(ImageData image, IProgress prog=null)
C:/Users/smcbeth.DLS-INC/Projects/Yarrow/Juniper/src/Juniper.Client/Imaging/Jpeg/LibJpegNETImageDataTranscoder.cs:44: warning: The following parameters of Juniper.Imaging.LibJpegNETImageDataTranscoder.Translate(ImageData image, IProgress prog=null) are not documented:
  parameter 'image'
  parameter 'prog'
C:/Users/smcbeth.DLS-INC/Projects/Yarrow/Juniper/src/Juniper.Root/IO/CachingStrategy.cs:186: warning: The following parameters of Juniper.IO.CachingStrategy.GetStreamAsync(ContentReference fileRef, IProgress prog) are not documented:
  parameter 'prog'
C:/Users/smcbeth.DLS-INC/Projects/Yarrow/Juniper/src/Juniper.Root/IO/ICacheSourceLayerExt.cs:105: warning: The following parameters of Juniper.IO.ICacheSourceLayerExt.Get< ResultT, MediaTypeT >(this ICacheSourceLayer source, IFactory< ResultT, MediaTypeT > deserializer) are not documented:
  parameter 'source'
C:/Users/smcbeth.DLS-INC/Projects/Yarrow/Juniper/src/Juniper.Root/IO/IProgressExt.cs:82: warning: argument 'prefix' of command @param is not found in the argument list of Juniper.IO.IProgressExt::Split(this IProgress parent, long numParts)
C:/Users/smcbeth.DLS-INC/Projects/Yarrow/Juniper/src/Juniper.Root/IO/ProgressAggregator.cs:20: warning: argument 'prefix' of command @param is not found in the argument list of Juniper.IO.ProgressAggregator::ProgressAggregator(IProgress parent, long numParts)
C:/Users/smcbeth.DLS-INC/Projects/Yarrow/Juniper/src/Juniper.Root/IO/ProgressStream.cs:33: warning: The following parameters of Juniper.IO.ProgressStream.ProgressStream(Stream stream, long length, IProgress parent, bool ownStream) are not documented:
  parameter 'ownStream'
C:/Users/smcbeth.DLS-INC/Projects/Yarrow/Juniper/src/Juniper.Root/Mathematics/AbstractStatisticsCollection.cs:306: warning: argument 'one' of command @param is not found in the argument list of Juniper.Mathematics.AbstractStatisticsCollection< T >::AbstractStatisticsCollection(int capacity, T zero, T min, T max)
C:/Users/smcbeth.DLS-INC/Projects/Yarrow/Juniper/src/Juniper.Root/Mathematics/AbstractStatisticsCollection.cs:312: warning: The following parameters of Juniper.Mathematics.AbstractStatisticsCollection.AbstractStatisticsCollection(int capacity, T zero, T min, T max) are not documented:
  parameter 'min'
  parameter 'max'
C:/Users/smcbeth.DLS-INC/Projects/Yarrow/Juniper/src/Juniper.Root/Mathematics/DiscreteKalmanFilter.cs:11: warning: Unsupported xml/html tag <italic> found
C:/Users/smcbeth.DLS-INC/Projects/Yarrow/Juniper/src/Juniper.Root/Mathematics/DiscreteKalmanFilter.cs:11: warning: Unsupported xml/html tag </italic> found
C:/Users/smcbeth.DLS-INC/Projects/Yarrow/Juniper/src/Juniper.Root/Mathematics/DiscreteKalmanFilter.cs:13: warning: Unsupported xml/html tag <italic> found
C:/Users/smcbeth.DLS-INC/Projects/Yarrow/Juniper/src/Juniper.Root/Mathematics/DiscreteKalmanFilter.cs:13: warning: Unsupported xml/html tag </italic> found
C:/Users/smcbeth.DLS-INC/Projects/Yarrow/Juniper/src/Juniper.Root/Mathematics/DiscreteKalmanFilter.cs:21: warning: HTML tags may not use the 'empty tag' XHTML syntax.
C:/Users/smcbeth.DLS-INC/Projects/Yarrow/Juniper/src/Juniper.Root/Mathematics/DiscreteKalmanFilter.cs:22: warning: Unexpected html tag </para> found within <a href=...> context
C:/Users/smcbeth.DLS-INC/Projects/Yarrow/Juniper/src/Juniper.Root/Mathematics/DiscreteKalmanFilter.cs:23: warning: Unexpected html tag </summary> found within <a href=...> context
C:/Users/smcbeth.DLS-INC/Projects/Yarrow/Juniper/src/Juniper.Root/Mathematics/DiscreteKalmanFilter.cs:24: warning: Unexpected end of comment while inside <a href=...> tag
C:/Users/smcbeth.DLS-INC/Projects/Yarrow/Juniper/src/Unity Scripts/Sound/VolumeFade.cs:67: warning: argument 'channels' of command @param is not found in the argument list of Juniper.Sound.VolumeFade::OnAudioFilterRead(float [] data, int _)
C:/Users/smcbeth.DLS-INC/Projects/Yarrow/Juniper/src/Unity Scripts/Sound/VolumeFade.cs:73: warning: The following parameters of Juniper.Sound.VolumeFade.OnAudioFilterRead(float [] data, int _) are not documented:
  parameter '_'
C:/Users/smcbeth.DLS-INC/Projects/Yarrow/Juniper/src/Juniper.Root/Units/Angles/Angle.cs:55: warning: argument 'r' of command @param is not found in the argument list of Juniper.Units.Angle::Angle(float v)
C:/Users/smcbeth.DLS-INC/Projects/Yarrow/Juniper/src/Juniper.Root/Units/Angles/Angle.cs:69: warning: argument 'a' of command @param is not found in the argument list of Juniper.Units.Angle::ToSingle()
C:/Users/smcbeth.DLS-INC/Projects/Yarrow/Juniper/src/Juniper.Root/Units/Bandwidth/BytesPerSecond.cs:93: warning: argument 'bytes' of command @param is not found in the argument list of Juniper.Units.BytesPerSecond::BitsPerSecond(float bytesPerSecond)
C:/Users/smcbeth.DLS-INC/Projects/Yarrow/Juniper/src/Juniper.Root/Units/Bandwidth/BytesPerSecond.cs:98: warning: The following parameters of Juniper.Units.BytesPerSecond.BitsPerSecond(float bytesPerSecond) are not documented:
  parameter 'bytesPerSecond'
C:/Users/smcbeth.DLS-INC/Projects/Yarrow/Juniper/src/Juniper.Root/Units/Bandwidth/BytesPerSecond.cs:153: warning: argument 'bytes' of command @param is not found in the argument list of Juniper.Units.BytesPerSecond::ExabytesPerSecond(float bytesPerSecond)
C:/Users/smcbeth.DLS-INC/Projects/Yarrow/Juniper/src/Juniper.Root/Units/Bandwidth/BytesPerSecond.cs:158: warning: The following parameters of Juniper.Units.BytesPerSecond.ExabytesPerSecond(float bytesPerSecond) are not documented:
  parameter 'bytesPerSecond'
C:/Users/smcbeth.DLS-INC/Projects/Yarrow/Juniper/src/Juniper.Root/Units/Bandwidth/BytesPerSecond.cs:233: warning: argument 'bytes' of command @param is not found in the argument list of Juniper.Units.BytesPerSecond::ExbibytesPerSecond(float bytesPerSecond)
C:/Users/smcbeth.DLS-INC/Projects/Yarrow/Juniper/src/Juniper.Root/Units/Bandwidth/BytesPerSecond.cs:238: warning: The following parameters of Juniper.Units.BytesPerSecond.ExbibytesPerSecond(float bytesPerSecond) are not documented:
  parameter 'bytesPerSecond'
C:/Users/smcbeth.DLS-INC/Projects/Yarrow/Juniper/src/Juniper.Root/Units/Bandwidth/BytesPerSecond.cs:203: warning: argument 'bytes' of command @param is not found in the argument list of Juniper.Units.BytesPerSecond::GibibytesPerSecond(float bytesPerSecond)
C:/Users/smcbeth.DLS-INC/Projects/Yarrow/Juniper/src/Juniper.Root/Units/Bandwidth/BytesPerSecond.cs:208: warning: The following parameters of Juniper.Units.BytesPerSecond.GibibytesPerSecond(float bytesPerSecond) are not documented:
  parameter 'bytesPerSecond'
C:/Users/smcbeth.DLS-INC/Projects/Yarrow/Juniper/src/Juniper.Root/Units/Bandwidth/BytesPerSecond.cs:123: warning: argument 'bytes' of command @param is not found in the argument list of Juniper.Units.BytesPerSecond::GigabytesPerSecond(float bytesPerSecond)
C:/Users/smcbeth.DLS-INC/Projects/Yarrow/Juniper/src/Juniper.Root/Units/Bandwidth/BytesPerSecond.cs:128: warning: The following parameters of Juniper.Units.BytesPerSecond.GigabytesPerSecond(float bytesPerSecond) are not documented:
  parameter 'bytesPerSecond'
C:/Users/smcbeth.DLS-INC/Projects/Yarrow/Juniper/src/Juniper.Root/Units/Bandwidth/BytesPerSecond.cs:183: warning: argument 'bytes' of command @param is not found in the argument list of Juniper.Units.BytesPerSecond::KibibytesPerSecond(float bytesPerSecond)
C:/Users/smcbeth.DLS-INC/Projects/Yarrow/Juniper/src/Juniper.Root/Units/Bandwidth/BytesPerSecond.cs:188: warning: The following parameters of Juniper.Units.BytesPerSecond.KibibytesPerSecond(float bytesPerSecond) are not documented:
  parameter 'bytesPerSecond'
C:/Users/smcbeth.DLS-INC/Projects/Yarrow/Juniper/src/Juniper.Root/Units/Bandwidth/BytesPerSecond.cs:103: warning: argument 'bytes' of command @param is not found in the argument list of Juniper.Units.BytesPerSecond::KilobytesPerSecond(float bytesPerSecond)
C:/Users/smcbeth.DLS-INC/Projects/Yarrow/Juniper/src/Juniper.Root/Units/Bandwidth/BytesPerSecond.cs:108: warning: The following parameters of Juniper.Units.BytesPerSecond.KilobytesPerSecond(float bytesPerSecond) are not documented:
  parameter 'bytesPerSecond'
C:/Users/smcbeth.DLS-INC/Projects/Yarrow/Juniper/src/Juniper.Root/Units/Bandwidth/BytesPerSecond.cs:113: warning: argument 'bytes' of command @param is not found in the argument list of Juniper.Units.BytesPerSecond::MegabytesPerSecond(float bytesPerSecond)
C:/Users/smcbeth.DLS-INC/Projects/Yarrow/Juniper/src/Juniper.Root/Units/Bandwidth/BytesPerSecond.cs:118: warning: The following parameters of Juniper.Units.BytesPerSecond.MegabytesPerSecond(float bytesPerSecond) are not documented:
  parameter 'bytesPerSecond'
C:/Users/smcbeth.DLS-INC/Projects/Yarrow/Juniper/src/Juniper.Root/Units/Bandwidth/BytesPerSecond.cs:193: warning: argument 'bytes' of command @param is not found in the argument list of Juniper.Units.BytesPerSecond::MibibytesPerSecond(float bytesPerSecond)
C:/Users/smcbeth.DLS-INC/Projects/Yarrow/Juniper/src/Juniper.Root/Units/Bandwidth/BytesPerSecond.cs:198: warning: The following parameters of Juniper.Units.BytesPerSecond.MibibytesPerSecond(float bytesPerSecond) are not documented:
  parameter 'bytesPerSecond'
C:/Users/smcbeth.DLS-INC/Projects/Yarrow/Juniper/src/Juniper.Root/Units/Bandwidth/BytesPerSecond.cs:223: warning: argument 'bytes' of command @param is not found in the argument list of Juniper.Units.BytesPerSecond::PebibytesPerSecond(float bytesPerSecond)
C:/Users/smcbeth.DLS-INC/Projects/Yarrow/Juniper/src/Juniper.Root/Units/Bandwidth/BytesPerSecond.cs:228: warning: The following parameters of Juniper.Units.BytesPerSecond.PebibytesPerSecond(float bytesPerSecond) are not documented:
  parameter 'bytesPerSecond'
C:/Users/smcbeth.DLS-INC/Projects/Yarrow/Juniper/src/Juniper.Root/Units/Bandwidth/BytesPerSecond.cs:143: warning: argument 'bytes' of command @param is not found in the argument list of Juniper.Units.BytesPerSecond::PetabytesPerSecond(float bytesPerSecond)
C:/Users/smcbeth.DLS-INC/Projects/Yarrow/Juniper/src/Juniper.Root/Units/Bandwidth/BytesPerSecond.cs:148: warning: The following parameters of Juniper.Units.BytesPerSecond.PetabytesPerSecond(float bytesPerSecond) are not documented:
  parameter 'bytesPerSecond'
C:/Users/smcbeth.DLS-INC/Projects/Yarrow/Juniper/src/Juniper.Root/Units/Bandwidth/BytesPerSecond.cs:213: warning: argument 'bytes' of command @param is not found in the argument list of Juniper.Units.BytesPerSecond::TebibytesPerSecond(float bytesPerSecond)
C:/Users/smcbeth.DLS-INC/Projects/Yarrow/Juniper/src/Juniper.Root/Units/Bandwidth/BytesPerSecond.cs:218: warning: The following parameters of Juniper.Units.BytesPerSecond.TebibytesPerSecond(float bytesPerSecond) are not documented:
  parameter 'bytesPerSecond'
C:/Users/smcbeth.DLS-INC/Projects/Yarrow/Juniper/src/Juniper.Root/Units/Bandwidth/BytesPerSecond.cs:133: warning: argument 'bytes' of command @param is not found in the argument list of Juniper.Units.BytesPerSecond::TerabytesPerSecond(float bytesPerSecond)
C:/Users/smcbeth.DLS-INC/Projects/Yarrow/Juniper/src/Juniper.Root/Units/Bandwidth/BytesPerSecond.cs:138: warning: The following parameters of Juniper.Units.BytesPerSecond.TerabytesPerSecond(float bytesPerSecond) are not documented:
  parameter 'bytesPerSecond'
C:/Users/smcbeth.DLS-INC/Projects/Yarrow/Juniper/src/Juniper.Root/Units/Bandwidth/BytesPerSecond.cs:253: warning: argument 'bytes' of command @param is not found in the argument list of Juniper.Units.BytesPerSecond::YobibytesPerSecond(float bytesPerSecond)
C:/Users/smcbeth.DLS-INC/Projects/Yarrow/Juniper/src/Juniper.Root/Units/Bandwidth/BytesPerSecond.cs:258: warning: The following parameters of Juniper.Units.BytesPerSecond.YobibytesPerSecond(float bytesPerSecond) are not documented:
  parameter 'bytesPerSecond'
C:/Users/smcbeth.DLS-INC/Projects/Yarrow/Juniper/src/Juniper.Root/Units/Bandwidth/BytesPerSecond.cs:173: warning: argument 'bytes' of command @param is not found in the argument list of Juniper.Units.BytesPerSecond::YotabytesPerSecond(float bytesPerSecond)
C:/Users/smcbeth.DLS-INC/Projects/Yarrow/Juniper/src/Juniper.Root/Units/Bandwidth/BytesPerSecond.cs:178: warning: The following parameters of Juniper.Units.BytesPerSecond.YotabytesPerSecond(float bytesPerSecond) are not documented:
  parameter 'bytesPerSecond'
C:/Users/smcbeth.DLS-INC/Projects/Yarrow/Juniper/src/Juniper.Root/Units/Bandwidth/BytesPerSecond.cs:243: warning: argument 'bytes' of command @param is not found in the argument list of Juniper.Units.BytesPerSecond::ZebibytesPerSecond(float bytesPerSecond)
C:/Users/smcbeth.DLS-INC/Projects/Yarrow/Juniper/src/Juniper.Root/Units/Bandwidth/BytesPerSecond.cs:248: warning: The following parameters of Juniper.Units.BytesPerSecond.ZebibytesPerSecond(float bytesPerSecond) are not documented:
  parameter 'bytesPerSecond'
C:/Users/smcbeth.DLS-INC/Projects/Yarrow/Juniper/src/Juniper.Root/Units/Bandwidth/BytesPerSecond.cs:163: warning: argument 'bytes' of command @param is not found in the argument list of Juniper.Units.BytesPerSecond::ZettabytesPerSecond(float bytesPerSecond)
C:/Users/smcbeth.DLS-INC/Projects/Yarrow/Juniper/src/Juniper.Root/Units/Bandwidth/BytesPerSecond.cs:168: warning: The following parameters of Juniper.Units.BytesPerSecond.ZettabytesPerSecond(float bytesPerSecond) are not documented:
  parameter 'bytesPerSecond'
C:/Users/smcbeth.DLS-INC/Projects/Yarrow/Juniper/src/Juniper.Root/World/GIS/EquitorialSpherical.cs:17: warning: The following parameters of Juniper.Units.EquitorialSpherical.ToHorizontal(this EquitorialSphericalPosition value, LatLngPoint location, float n) are not documented:
  parameter 'value'
C:/Users/smcbeth.DLS-INC/Projects/Yarrow/Juniper/src/Juniper.Root/World/GIS/GeocentricEclipticSpherical.cs:34: warning: The following parameters of Juniper.Units.GeocentricEclipticSpherical.ToEquitorial(this GeocentricEclipticSphericalPosition p, float n) are not documented:
  parameter 'p'
C:/Users/smcbeth.DLS-INC/Projects/Yarrow/Juniper/src/Juniper.Root/World/GIS/LatLng.cs:11: warning: argument 'p' of command @param is not found in the argument list of Juniper.Units.LatLng::Distance(this LatLngPoint A, LatLngPoint B)
C:/Users/smcbeth.DLS-INC/Projects/Yarrow/Juniper/src/Juniper.Root/World/GIS/LatLng.cs:16: warning: The following parameters of Juniper.Units.LatLng.Distance(this LatLngPoint A, LatLngPoint B) are not documented:
  parameter 'A'
  parameter 'B'
C:/Users/smcbeth.DLS-INC/Projects/Yarrow/Juniper/src/Juniper.Root/Units/Bandwidth/PebibytesPerSecond.cs:96: warning: unterminated param or exception tag
C:/Users/smcbeth.DLS-INC/Projects/Yarrow/Juniper/src/Juniper.Root/Units/Bandwidth/PebibytesPerSecond.cs:106: warning: unterminated param or exception tag
C:/Users/smcbeth.DLS-INC/Projects/Yarrow/Juniper/src/Juniper.Root/Units/Bandwidth/PebibytesPerSecond.cs:166: warning: unterminated param or exception tag
C:/Users/smcbeth.DLS-INC/Projects/Yarrow/Juniper/src/Juniper.Root/Units/Bandwidth/PebibytesPerSecond.cs:236: warning: unterminated param or exception tag
C:/Users/smcbeth.DLS-INC/Projects/Yarrow/Juniper/src/Juniper.Root/Units/Bandwidth/PebibytesPerSecond.cs:216: warning: unterminated param or exception tag
C:/Users/smcbeth.DLS-INC/Projects/Yarrow/Juniper/src/Juniper.Root/Units/Bandwidth/PebibytesPerSecond.cs:136: warning: unterminated param or exception tag
C:/Users/smcbeth.DLS-INC/Projects/Yarrow/Juniper/src/Juniper.Root/Units/Bandwidth/PebibytesPerSecond.cs:196: warning: unterminated param or exception tag
C:/Users/smcbeth.DLS-INC/Projects/Yarrow/Juniper/src/Juniper.Root/Units/Bandwidth/PebibytesPerSecond.cs:116: warning: unterminated param or exception tag
C:/Users/smcbeth.DLS-INC/Projects/Yarrow/Juniper/src/Juniper.Root/Units/Bandwidth/PebibytesPerSecond.cs:126: warning: unterminated param or exception tag
C:/Users/smcbeth.DLS-INC/Projects/Yarrow/Juniper/src/Juniper.Root/Units/Bandwidth/PebibytesPerSecond.cs:206: warning: unterminated param or exception tag
C:/Users/smcbeth.DLS-INC/Projects/Yarrow/Juniper/src/Juniper.Root/Units/Bandwidth/PebibytesPerSecond.cs:156: warning: unterminated param or exception tag
C:/Users/smcbeth.DLS-INC/Projects/Yarrow/Juniper/src/Juniper.Root/Units/Bandwidth/PebibytesPerSecond.cs:226: warning: unterminated param or exception tag
C:/Users/smcbeth.DLS-INC/Projects/Yarrow/Juniper/src/Juniper.Root/Units/Bandwidth/PebibytesPerSecond.cs:146: warning: unterminated param or exception tag
C:/Users/smcbeth.DLS-INC/Projects/Yarrow/Juniper/src/Juniper.Root/Units/Bandwidth/PebibytesPerSecond.cs:256: warning: unterminated param or exception tag
C:/Users/smcbeth.DLS-INC/Projects/Yarrow/Juniper/src/Juniper.Root/Units/Bandwidth/PebibytesPerSecond.cs:186: warning: unterminated param or exception tag
C:/Users/smcbeth.DLS-INC/Projects/Yarrow/Juniper/src/Juniper.Root/Units/Bandwidth/PebibytesPerSecond.cs:246: warning: unterminated param or exception tag
C:/Users/smcbeth.DLS-INC/Projects/Yarrow/Juniper/src/Juniper.Root/Units/Bandwidth/PebibytesPerSecond.cs:176: warning: unterminated param or exception tag
C:/Users/smcbeth.DLS-INC/Projects/Yarrow/Juniper/src/Unity Scripts/World/Climate/Weather.cs:259: warning: The following parameters of Juniper.World.Climate.Weather.GetReport(bool force, IProgress prog) are not documented:
  parameter 'prog'
C:/Users/smcbeth.DLS-INC/Projects/Yarrow/Juniper/src/Unity Scripts/World/Climate/Weather.cs:291: warning: The following parameters of Juniper.World.Climate.Weather.Request(LatLngPoint location, bool force, IProgress prog) are not documented:
  parameter 'prog'
C:/Users/smcbeth.DLS-INC/Projects/Yarrow/Juniper/src/Juniper.Root/World/GIS/LatLngPoint.cs:204: warning: The following parameters of Juniper.World.GIS.LatLngPoint.ToDMS(float value, string negative, string positive, int sigfigs, IFormatProvider provider) are not documented:
  parameter 'provider'
C:/Users/smcbeth.DLS-INC/Projects/Yarrow/Juniper/src/Juniper.Root/World/GIS/LatLngPoint.cs:258: warning: The following parameters of Juniper.World.GIS.LatLngPoint.ToString(string precision, IFormatProvider provider) are not documented:
  parameter 'provider'
C:/Users/smcbeth.DLS-INC/Projects/Yarrow/Juniper/src/Juniper.Root/NETFX/ArrayExt.cs:48: warning: The following parameters of System.ArrayExt.Remove< T >(this T [] items, T itemToRemove) are not documented:
  parameter 'itemToRemove'
C:/Users/smcbeth.DLS-INC/Projects/Yarrow/Juniper/src/Juniper.Root/NETFX/Net/HttpWebRequestExt.cs:222: warning: argument 'type' of command @param is not found in the argument list of System.Net.HttpWebRequestExt::AcceptEncoding(this HttpWebRequest request, string encoding)
C:/Users/smcbeth.DLS-INC/Projects/Yarrow/Juniper/src/Juniper.Root/NETFX/Net/HttpWebRequestExt.cs:235: warning: The following parameters of System.Net.HttpWebRequestExt.AcceptEncoding(this HttpWebRequest request, string encoding) are not documented:
  parameter 'encoding'
C:/Users/smcbeth.DLS-INC/Projects/Yarrow/Juniper/src/Juniper.Root/NETFX/Net/HttpWebRequestExt.cs:345: warning: The following parameters of System.Net.HttpWebRequestExt.BasicAuth(this HttpWebRequest request, string userName, string password) are not documented:
  parameter 'request'
C:/Users/smcbeth.DLS-INC/Projects/Yarrow/Juniper/src/Juniper.Root/NETFX/Net/HttpWebRequestExt.cs:36: warning: argument 'uri' of command @param is not found in the argument list of System.Net.HttpWebRequestExt::Create(string url)
C:/Users/smcbeth.DLS-INC/Projects/Yarrow/Juniper/src/Juniper.Root/NETFX/Net/HttpWebRequestExt.cs:42: warning: The following parameters of System.Net.HttpWebRequestExt.Create(string url) are not documented:
  parameter 'url'
C:/Users/smcbeth.DLS-INC/Projects/Yarrow/Juniper/src/Juniper.Root/NETFX/Net/HttpWebRequestExt.cs:420: warning: The following parameters of System.Net.HttpWebRequestExt.DeleteAsync(this HttpWebRequest request, Func< BodyInfo > getInfo, Action< Stream > writeBody, IProgress prog) are not documented:
  parameter 'request'
  parameter 'getInfo'
  parameter 'writeBody'
C:/Users/smcbeth.DLS-INC/Projects/Yarrow/Juniper/src/Juniper.Root/NETFX/Net/HttpWebRequestExt.cs:435: warning: argument 'prog' of command @param is not found in the argument list of System.Net.HttpWebRequestExt::DeleteAsync(this HttpWebRequest request)
C:/Users/smcbeth.DLS-INC/Projects/Yarrow/Juniper/src/Juniper.Root/NETFX/Net/HttpWebRequestExt.cs:440: warning: The following parameters of System.Net.HttpWebRequestExt.DeleteAsync(this HttpWebRequest request) are not documented:
  parameter 'request'
C:/Users/smcbeth.DLS-INC/Projects/Yarrow/Juniper/src/Juniper.Root/NETFX/Net/HttpWebRequestExt.cs:450: warning: argument 'prog' of command @param is not found in the argument list of System.Net.HttpWebRequestExt::GetAsync(this HttpWebRequest request)
C:/Users/smcbeth.DLS-INC/Projects/Yarrow/Juniper/src/Juniper.Root/NETFX/Net/HttpWebRequestExt.cs:455: warning: The following parameters of System.Net.HttpWebRequestExt.GetAsync(this HttpWebRequest request) are not documented:
  parameter 'request'
C:/Users/smcbeth.DLS-INC/Projects/Yarrow/Juniper/src/Juniper.Root/NETFX/Net/HttpWebRequestExt.cs:197: warning: argument 'type' of command @param is not found in the argument list of System.Net.HttpWebRequestExt::TransferEncoding(this HttpWebRequest request, string encoding)
C:/Users/smcbeth.DLS-INC/Projects/Yarrow/Juniper/src/Juniper.Root/NETFX/Net/HttpWebRequestExt.cs:210: warning: The following parameters of System.Net.HttpWebRequestExt.TransferEncoding(this HttpWebRequest request, string encoding) are not documented:
  parameter 'encoding'
C:/Users/smcbeth.DLS-INC/Projects/Yarrow/Juniper/src/Juniper.Root/NETFX/Net/HttpWebRequestExt.cs:372: warning: The following parameters of System.Net.HttpWebRequestExt.WriteBodyAsync(this HttpWebRequest request, Func< BodyInfo > getInfo, Action< Stream > writeBody, IProgress prog=null) are not documented:
  parameter 'prog'
C:/Users/smcbeth.DLS-INC/Projects/Yarrow/Juniper/src/Juniper.Unity/Extensions/UnityEngine/CameraExt.cs:10: warning: The following parameters of UnityEngine.CameraExt.IsInView(this Camera cam, Vector3 target) are not documented:
  parameter 'cam'
C:/Users/smcbeth.DLS-INC/Projects/Yarrow/Juniper/src/Unity Scripts/Extensions/UnityEngine/ComponentExt.cs:251: warning: The following parameters of UnityEngine.ComponentExt.Ensure< T >(this Component obj, Predicate< T > predicate) are not documented:
  parameter 'predicate'
C:/Users/smcbeth.DLS-INC/Projects/Yarrow/Juniper/src/Juniper.Unity/Extensions/UnityEngine/Find.cs:138: warning: The following parameters of UnityEngine.Find.All< T >(Func< T, bool > filter, ref List< T > container) are not documented:
  parameter 'container'
C:/Users/smcbeth.DLS-INC/Projects/Yarrow/Juniper/src/Unity Scripts/Extensions/UnityEngine/GameObjectExt.cs:77: warning: The following parameters of UnityEngine.GameObjectExt.Ensure< T >(this GameObject obj, Predicate< T > predicate) are not documented:
  parameter 'predicate'
C:/Users/smcbeth.DLS-INC/Projects/Yarrow/Juniper/src/Juniper.Unity/Extensions/UnityEngine/VectorExt.cs:19: warning: The following parameters of UnityEngine.VectorExt.ToUTM(this Vector3 value, int donatedZone, UTMPoint.GlobeHemisphere hemisphere) are not documented:
  parameter 'hemisphere'
